

Started GET "/" for 127.0.0.1 at 2014-09-13 21:59:02 -0500
Processing by Rails::WelcomeController#index as HTML
  Rendered /Users/carlosivancastillosanchez/.rbenv/versions/2.1.2/lib/ruby/gems/2.1.0/gems/railties-4.1.4/lib/rails/templates/rails/welcome/index.html.erb (2.1ms)
Completed 200 OK in 66ms (Views: 31.6ms | ActiveRecord: 0.0ms)


Started GET "/" for 127.0.0.1 at 2014-09-13 21:59:07 -0500
Processing by Rails::WelcomeController#index as HTML
  Rendered /Users/carlosivancastillosanchez/.rbenv/versions/2.1.2/lib/ruby/gems/2.1.0/gems/railties-4.1.4/lib/rails/templates/rails/welcome/index.html.erb (0.1ms)
Completed 200 OK in 2ms (Views: 1.4ms | ActiveRecord: 0.0ms)


Started GET "/" for 127.0.0.1 at 2014-09-13 23:19:54 -0500
Processing by Rails::WelcomeController#index as HTML
  Rendered /Users/carlosivancastillosanchez/.rbenv/versions/2.1.2/lib/ruby/gems/2.1.0/gems/railties-4.1.4/lib/rails/templates/rails/welcome/index.html.erb (2.9ms)
Completed 200 OK in 34ms (Views: 20.5ms | ActiveRecord: 0.0ms)


Started GET "/" for 127.0.0.1 at 2014-09-13 23:23:54 -0500
Processing by Rails::WelcomeController#index as HTML
  Rendered /Users/carlosivancastillosanchez/.rbenv/versions/2.1.2/lib/ruby/gems/2.1.0/gems/railties-4.1.4/lib/rails/templates/rails/welcome/index.html.erb (0.1ms)
Completed 200 OK in 2ms (Views: 1.5ms | ActiveRecord: 0.0ms)


Started GET "/" for 127.0.0.1 at 2014-09-20 12:24:30 -0500
Processing by Rails::WelcomeController#index as HTML
  Rendered /Users/carlosivancastillosanchez/.rbenv/versions/2.1.2/lib/ruby/gems/2.1.0/gems/railties-4.1.4/lib/rails/templates/rails/welcome/index.html.erb (3.6ms)
Completed 200 OK in 154ms (Views: 87.8ms | ActiveRecord: 0.0ms)


Started GET "/" for 127.0.0.1 at 2014-09-20 12:24:36 -0500
Processing by Rails::WelcomeController#index as HTML
  Rendered /Users/carlosivancastillosanchez/.rbenv/versions/2.1.2/lib/ruby/gems/2.1.0/gems/railties-4.1.4/lib/rails/templates/rails/welcome/index.html.erb (0.1ms)
Completed 200 OK in 2ms (Views: 1.4ms | ActiveRecord: 0.0ms)


Started GET "/restaurants" for 127.0.0.1 at 2014-09-20 13:00:23 -0500

ActiveRecord::PendingMigrationError (

Migrations are pending. To resolve this issue, run:

	bin/rake db:migrate RAILS_ENV=development

):
  activerecord (4.1.4) lib/active_record/migration.rb:389:in `check_pending!'
  activerecord (4.1.4) lib/active_record/migration.rb:377:in `call'
  actionpack (4.1.4) lib/action_dispatch/middleware/callbacks.rb:29:in `block in call'
  activesupport (4.1.4) lib/active_support/callbacks.rb:82:in `run_callbacks'
  actionpack (4.1.4) lib/action_dispatch/middleware/callbacks.rb:27:in `call'
  actionpack (4.1.4) lib/action_dispatch/middleware/reloader.rb:73:in `call'
  actionpack (4.1.4) lib/action_dispatch/middleware/remote_ip.rb:76:in `call'
  actionpack (4.1.4) lib/action_dispatch/middleware/debug_exceptions.rb:17:in `call'
  actionpack (4.1.4) lib/action_dispatch/middleware/show_exceptions.rb:30:in `call'
  railties (4.1.4) lib/rails/rack/logger.rb:38:in `call_app'
  railties (4.1.4) lib/rails/rack/logger.rb:20:in `block in call'
  activesupport (4.1.4) lib/active_support/tagged_logging.rb:68:in `block in tagged'
  activesupport (4.1.4) lib/active_support/tagged_logging.rb:26:in `tagged'
  activesupport (4.1.4) lib/active_support/tagged_logging.rb:68:in `tagged'
  railties (4.1.4) lib/rails/rack/logger.rb:20:in `call'
  actionpack (4.1.4) lib/action_dispatch/middleware/request_id.rb:21:in `call'
  rack (1.5.2) lib/rack/methodoverride.rb:21:in `call'
  rack (1.5.2) lib/rack/runtime.rb:17:in `call'
  activesupport (4.1.4) lib/active_support/cache/strategy/local_cache_middleware.rb:26:in `call'
  rack (1.5.2) lib/rack/lock.rb:17:in `call'
  actionpack (4.1.4) lib/action_dispatch/middleware/static.rb:64:in `call'
  rack (1.5.2) lib/rack/sendfile.rb:112:in `call'
  railties (4.1.4) lib/rails/engine.rb:514:in `call'
  railties (4.1.4) lib/rails/application.rb:144:in `call'
  rack (1.5.2) lib/rack/lock.rb:17:in `call'
  rack (1.5.2) lib/rack/content_length.rb:14:in `call'
  rack (1.5.2) lib/rack/handler/webrick.rb:60:in `service'
  /Users/carlosivancastillosanchez/.rbenv/versions/2.1.2/lib/ruby/2.1.0/webrick/httpserver.rb:138:in `service'
  /Users/carlosivancastillosanchez/.rbenv/versions/2.1.2/lib/ruby/2.1.0/webrick/httpserver.rb:94:in `run'
  /Users/carlosivancastillosanchez/.rbenv/versions/2.1.2/lib/ruby/2.1.0/webrick/server.rb:295:in `block in start_thread'


  Rendered /Users/carlosivancastillosanchez/.rbenv/versions/2.1.2/lib/ruby/gems/2.1.0/gems/actionpack-4.1.4/lib/action_dispatch/middleware/templates/rescues/_source.erb (0.7ms)
  Rendered /Users/carlosivancastillosanchez/.rbenv/versions/2.1.2/lib/ruby/gems/2.1.0/gems/actionpack-4.1.4/lib/action_dispatch/middleware/templates/rescues/_trace.html.erb (1.3ms)
  Rendered /Users/carlosivancastillosanchez/.rbenv/versions/2.1.2/lib/ruby/gems/2.1.0/gems/actionpack-4.1.4/lib/action_dispatch/middleware/templates/rescues/_request_and_response.html.erb (1.0ms)
  Rendered /Users/carlosivancastillosanchez/.rbenv/versions/2.1.2/lib/ruby/gems/2.1.0/gems/actionpack-4.1.4/lib/action_dispatch/middleware/templates/rescues/diagnostics.erb within rescues/layout (24.2ms)
  [1m[36m (130.9ms)[0m  [1mCREATE TABLE "schema_migrations" ("version" varchar(255) NOT NULL) [0m
  [1m[35m (0.2ms)[0m  select sqlite_version(*)
  [1m[36m (80.9ms)[0m  [1mCREATE UNIQUE INDEX "unique_schema_migrations" ON "schema_migrations" ("version")[0m
  [1m[35mActiveRecord::SchemaMigration Load (0.3ms)[0m  SELECT "schema_migrations".* FROM "schema_migrations"
Migrating to CreateRestaurants (20140920175004)
  [1m[36m (0.2ms)[0m  [1mbegin transaction[0m
  [1m[35m (0.6ms)[0m  CREATE TABLE "restaurants" ("id" INTEGER PRIMARY KEY AUTOINCREMENT NOT NULL, "name" varchar(255), "category" varchar(255), "lat" varchar(255), "lon" varchar(255), "created_at" datetime, "updated_at" datetime) 
  [1m[36mSQL (0.3ms)[0m  [1mINSERT INTO "schema_migrations" ("version") VALUES (?)[0m  [["version", "20140920175004"]]
  [1m[35m (3.4ms)[0m  commit transaction
  [1m[36mActiveRecord::SchemaMigration Load (0.1ms)[0m  [1mSELECT "schema_migrations".* FROM "schema_migrations"[0m


Started GET "/restaurants" for 127.0.0.1 at 2014-09-20 13:00:56 -0500
  [1m[36mActiveRecord::SchemaMigration Load (0.2ms)[0m  [1mSELECT "schema_migrations".* FROM "schema_migrations"[0m
Processing by RestaurantsController#index as HTML
  [1m[35mRestaurant Load (0.2ms)[0m  SELECT "restaurants".* FROM "restaurants"
  Rendered restaurants/index.html.erb within layouts/application (1.5ms)
Completed 200 OK in 1356ms (Views: 1347.4ms | ActiveRecord: 0.2ms)


Started GET "/assets/scaffolds.css?body=1" for 127.0.0.1 at 2014-09-20 13:00:57 -0500


Started GET "/assets/restaurants.css?body=1" for 127.0.0.1 at 2014-09-20 13:00:57 -0500


Started GET "/assets/jquery.js?body=1" for 127.0.0.1 at 2014-09-20 13:00:57 -0500


Started GET "/assets/application.css?body=1" for 127.0.0.1 at 2014-09-20 13:00:57 -0500


Started GET "/assets/jquery_ujs.js?body=1" for 127.0.0.1 at 2014-09-20 13:00:57 -0500


Started GET "/assets/turbolinks.js?body=1" for 127.0.0.1 at 2014-09-20 13:00:57 -0500


Started GET "/assets/restaurants.js?body=1" for 127.0.0.1 at 2014-09-20 13:00:57 -0500


Started GET "/assets/application.js?body=1" for 127.0.0.1 at 2014-09-20 13:00:57 -0500


Started GET "/restaurants/new" for 127.0.0.1 at 2014-09-20 13:01:03 -0500
Processing by RestaurantsController#new as HTML
  Rendered restaurants/_form.html.erb (159.9ms)
  Rendered restaurants/new.html.erb within layouts/application (181.9ms)
Completed 200 OK in 259ms (Views: 257.1ms | ActiveRecord: 0.3ms)


Started POST "/restaurants" for 127.0.0.1 at 2014-09-20 13:01:58 -0500
Processing by RestaurantsController#create as HTML
  Parameters: {"utf8"=>"✓", "authenticity_token"=>"Cgok5nKDEknny2oYFwQJ2v6XFcruIhTnDtLVNZoW3tw=", "restaurant"=>{"name"=>"Empanadas La Imperial", "category"=>"Embutidos", "lat"=>"35.896745", "lon"=>"-44.896578"}, "commit"=>"Create Restaurant"}
  [1m[36m (0.2ms)[0m  [1mbegin transaction[0m
  [1m[35mSQL (13.3ms)[0m  INSERT INTO "restaurants" ("category", "created_at", "lat", "lon", "name", "updated_at") VALUES (?, ?, ?, ?, ?, ?)  [["category", "Embutidos"], ["created_at", "2014-09-20 18:01:58.552693"], ["lat", "35.896745"], ["lon", "-44.896578"], ["name", "Empanadas La Imperial"], ["updated_at", "2014-09-20 18:01:58.552693"]]
  [1m[36m (24.5ms)[0m  [1mcommit transaction[0m
Redirected to http://localhost:3000/restaurants/1
Completed 302 Found in 86ms (ActiveRecord: 37.9ms)


Started GET "/restaurants/1" for 127.0.0.1 at 2014-09-20 13:01:58 -0500
Processing by RestaurantsController#show as HTML
  Parameters: {"id"=>"1"}
  [1m[35mRestaurant Load (0.2ms)[0m  SELECT  "restaurants".* FROM "restaurants"  WHERE "restaurants"."id" = ? LIMIT 1  [["id", 1]]
  Rendered restaurants/show.html.erb within layouts/application (1.0ms)
Completed 200 OK in 62ms (Views: 59.7ms | ActiveRecord: 0.2ms)


Started GET "/restaurants/1/edit" for 127.0.0.1 at 2014-09-20 13:02:03 -0500
Processing by RestaurantsController#edit as HTML
  Parameters: {"id"=>"1"}
  [1m[36mRestaurant Load (0.1ms)[0m  [1mSELECT  "restaurants".* FROM "restaurants"  WHERE "restaurants"."id" = ? LIMIT 1[0m  [["id", 1]]
  Rendered restaurants/_form.html.erb (5.0ms)
  Rendered restaurants/edit.html.erb within layouts/application (8.7ms)
Completed 200 OK in 79ms (Views: 77.5ms | ActiveRecord: 0.1ms)


Started GET "/restaurants" for 127.0.0.1 at 2014-09-20 13:02:06 -0500
Processing by RestaurantsController#index as HTML
  [1m[35mRestaurant Load (0.1ms)[0m  SELECT "restaurants".* FROM "restaurants"
  Rendered restaurants/index.html.erb within layouts/application (2.0ms)
Completed 200 OK in 65ms (Views: 64.6ms | ActiveRecord: 0.1ms)


Started GET "/restaurants/new" for 127.0.0.1 at 2014-09-20 13:02:09 -0500
Processing by RestaurantsController#new as HTML
  Rendered restaurants/_form.html.erb (2.8ms)
  Rendered restaurants/new.html.erb within layouts/application (3.8ms)
Completed 200 OK in 55ms (Views: 54.6ms | ActiveRecord: 0.0ms)


Started POST "/restaurants" for 127.0.0.1 at 2014-09-20 13:02:42 -0500
Processing by RestaurantsController#create as HTML
  Parameters: {"utf8"=>"✓", "authenticity_token"=>"Cgok5nKDEknny2oYFwQJ2v6XFcruIhTnDtLVNZoW3tw=", "restaurant"=>{"name"=>"Chatarra al Piso", "category"=>"Comida Rápida", "lat"=>"21.785630", "lon"=>"-66.895389"}, "commit"=>"Create Restaurant"}
  [1m[36m (0.1ms)[0m  [1mbegin transaction[0m
  [1m[35mSQL (0.4ms)[0m  INSERT INTO "restaurants" ("category", "created_at", "lat", "lon", "name", "updated_at") VALUES (?, ?, ?, ?, ?, ?)  [["category", "Comida Rápida"], ["created_at", "2014-09-20 18:02:42.804095"], ["lat", "21.785630"], ["lon", "-66.895389"], ["name", "Chatarra al Piso"], ["updated_at", "2014-09-20 18:02:42.804095"]]
  [1m[36m (73.1ms)[0m  [1mcommit transaction[0m
Redirected to http://localhost:3000/restaurants/2
Completed 302 Found in 78ms (ActiveRecord: 73.6ms)


Started GET "/restaurants/2" for 127.0.0.1 at 2014-09-20 13:02:42 -0500
Processing by RestaurantsController#show as HTML
  Parameters: {"id"=>"2"}
  [1m[35mRestaurant Load (0.1ms)[0m  SELECT  "restaurants".* FROM "restaurants"  WHERE "restaurants"."id" = ? LIMIT 1  [["id", 2]]
  Rendered restaurants/show.html.erb within layouts/application (0.4ms)
Completed 200 OK in 46ms (Views: 44.8ms | ActiveRecord: 0.1ms)


Started GET "/assets/restaurants.css?body=1" for 127.0.0.1 at 2014-09-20 13:02:42 -0500


Started GET "/assets/scaffolds.css?body=1" for 127.0.0.1 at 2014-09-20 13:02:42 -0500


Started GET "/assets/restaurants.js?body=1" for 127.0.0.1 at 2014-09-20 13:02:42 -0500


Started GET "/restaurants" for 127.0.0.1 at 2014-09-20 13:02:44 -0500
Processing by RestaurantsController#index as HTML
  [1m[36mRestaurant Load (0.2ms)[0m  [1mSELECT "restaurants".* FROM "restaurants"[0m
  Rendered restaurants/index.html.erb within layouts/application (2.0ms)
Completed 200 OK in 45ms (Views: 44.0ms | ActiveRecord: 0.2ms)


Started GET "/restaurants/new" for 127.0.0.1 at 2014-09-20 13:02:47 -0500
Processing by RestaurantsController#new as HTML
  Rendered restaurants/_form.html.erb (4.5ms)
  Rendered restaurants/new.html.erb within layouts/application (5.5ms)
Completed 200 OK in 60ms (Views: 59.1ms | ActiveRecord: 0.0ms)


Started POST "/restaurants" for 127.0.0.1 at 2014-09-20 13:03:37 -0500
Processing by RestaurantsController#create as HTML
  Parameters: {"utf8"=>"✓", "authenticity_token"=>"Cgok5nKDEknny2oYFwQJ2v6XFcruIhTnDtLVNZoW3tw=", "restaurant"=>{"name"=>"Bambino Azurro", "category"=>"Italiana", "lat"=>"16.673390", "lon"=>"-35.786730"}, "commit"=>"Create Restaurant"}
  [1m[35m (0.1ms)[0m  begin transaction
  [1m[36mSQL (0.6ms)[0m  [1mINSERT INTO "restaurants" ("category", "created_at", "lat", "lon", "name", "updated_at") VALUES (?, ?, ?, ?, ?, ?)[0m  [["category", "Italiana"], ["created_at", "2014-09-20 18:03:37.450806"], ["lat", "16.673390"], ["lon", "-35.786730"], ["name", "Bambino Azurro"], ["updated_at", "2014-09-20 18:03:37.450806"]]
  [1m[35m (61.2ms)[0m  commit transaction
Redirected to http://localhost:3000/restaurants/3
Completed 302 Found in 67ms (ActiveRecord: 61.9ms)


Started GET "/restaurants/3" for 127.0.0.1 at 2014-09-20 13:03:37 -0500
Processing by RestaurantsController#show as HTML
  Parameters: {"id"=>"3"}
  [1m[36mRestaurant Load (0.1ms)[0m  [1mSELECT  "restaurants".* FROM "restaurants"  WHERE "restaurants"."id" = ? LIMIT 1[0m  [["id", 3]]
  Rendered restaurants/show.html.erb within layouts/application (0.4ms)
Completed 200 OK in 46ms (Views: 45.0ms | ActiveRecord: 0.1ms)


Started GET "/assets/restaurants.js?body=1" for 127.0.0.1 at 2014-09-20 13:03:37 -0500


Started GET "/assets/restaurants.css?body=1" for 127.0.0.1 at 2014-09-20 13:03:37 -0500


Started GET "/assets/scaffolds.css?body=1" for 127.0.0.1 at 2014-09-20 13:03:37 -0500


Started GET "/restaurants" for 127.0.0.1 at 2014-09-20 13:03:39 -0500
Processing by RestaurantsController#index as HTML
  [1m[35mRestaurant Load (0.1ms)[0m  SELECT "restaurants".* FROM "restaurants"
  Rendered restaurants/index.html.erb within layouts/application (2.4ms)
Completed 200 OK in 51ms (Views: 50.3ms | ActiveRecord: 0.1ms)


Started GET "/restaurants" for 127.0.0.1 at 2014-09-20 16:26:47 -0500
Processing by RestaurantsController#index as HTML
  [1m[36mRestaurant Load (9.3ms)[0m  [1mSELECT "restaurants".* FROM "restaurants"[0m
  Rendered restaurants/index.html.erb within layouts/application (12.6ms)
Completed 200 OK in 88ms (Views: 78.4ms | ActiveRecord: 9.3ms)


Started GET "/assets/application.css?body=1" for 127.0.0.1 at 2014-09-20 16:26:47 -0500


Started GET "/assets/application.js?body=1" for 127.0.0.1 at 2014-09-20 16:26:47 -0500


Started GET "/assets/turbolinks.js?body=1" for 127.0.0.1 at 2014-09-20 16:26:47 -0500


Started GET "/assets/restaurants.css?body=1" for 127.0.0.1 at 2014-09-20 16:26:47 -0500


Started GET "/assets/jquery_ujs.js?body=1" for 127.0.0.1 at 2014-09-20 16:26:47 -0500


Started GET "/assets/jquery.js?body=1" for 127.0.0.1 at 2014-09-20 16:26:47 -0500


Started GET "/assets/scaffolds.css?body=1" for 127.0.0.1 at 2014-09-20 16:26:47 -0500


Started GET "/assets/restaurants.js?body=1" for 127.0.0.1 at 2014-09-20 16:26:47 -0500


Started GET "/restaurants" for 127.0.0.1 at 2014-09-20 16:49:45 -0500
Processing by RestaurantsController#index as HTML
  [1m[35mRestaurant Load (8.9ms)[0m  SELECT "restaurants".* FROM "restaurants"
  Rendered restaurants/index.html.erb within layouts/application (11.4ms)
Completed 500 Internal Server Error in 100ms

LoadError (cannot load such file -- less
  (in /Users/carlosivancastillosanchez/My Ruby Apps/WTM/foodini/app/assets/stylesheets/bootstrap_and_overrides.css.less)):
  app/views/layouts/application.html.erb:5:in `_app_views_layouts_application_html_erb___2128357095419574318_70362835015460'


  Rendered /Users/carlosivancastillosanchez/.rbenv/versions/2.1.2/lib/ruby/gems/2.1.0/gems/actionpack-4.1.4/lib/action_dispatch/middleware/templates/rescues/_source.erb (0.9ms)
  Rendered /Users/carlosivancastillosanchez/.rbenv/versions/2.1.2/lib/ruby/gems/2.1.0/gems/actionpack-4.1.4/lib/action_dispatch/middleware/templates/rescues/_trace.html.erb (1.7ms)
  Rendered /Users/carlosivancastillosanchez/.rbenv/versions/2.1.2/lib/ruby/gems/2.1.0/gems/actionpack-4.1.4/lib/action_dispatch/middleware/templates/rescues/_request_and_response.html.erb (1.0ms)
  Rendered /Users/carlosivancastillosanchez/.rbenv/versions/2.1.2/lib/ruby/gems/2.1.0/gems/actionpack-4.1.4/lib/action_dispatch/middleware/templates/rescues/diagnostics.erb within rescues/layout (28.4ms)


Started GET "/restaurants" for 127.0.0.1 at 2014-09-20 16:51:08 -0500
Processing by RestaurantsController#index as HTML
  [1m[36mRestaurant Load (0.2ms)[0m  [1mSELECT "restaurants".* FROM "restaurants"[0m
  Rendered restaurants/index.html.erb within layouts/application (2.2ms)
Completed 500 Internal Server Error in 13ms

LoadError (cannot load such file -- less
  (in /Users/carlosivancastillosanchez/My Ruby Apps/WTM/foodini/app/assets/stylesheets/bootstrap_and_overrides.css.less)):
  app/views/layouts/application.html.erb:5:in `_app_views_layouts_application_html_erb___2128357095419574318_70362835015460'


  Rendered /Users/carlosivancastillosanchez/.rbenv/versions/2.1.2/lib/ruby/gems/2.1.0/gems/actionpack-4.1.4/lib/action_dispatch/middleware/templates/rescues/_source.erb (1.0ms)
  Rendered /Users/carlosivancastillosanchez/.rbenv/versions/2.1.2/lib/ruby/gems/2.1.0/gems/actionpack-4.1.4/lib/action_dispatch/middleware/templates/rescues/_trace.html.erb (1.5ms)
  Rendered /Users/carlosivancastillosanchez/.rbenv/versions/2.1.2/lib/ruby/gems/2.1.0/gems/actionpack-4.1.4/lib/action_dispatch/middleware/templates/rescues/_request_and_response.html.erb (1.0ms)
  Rendered /Users/carlosivancastillosanchez/.rbenv/versions/2.1.2/lib/ruby/gems/2.1.0/gems/actionpack-4.1.4/lib/action_dispatch/middleware/templates/rescues/diagnostics.erb within rescues/layout (22.7ms)


Started GET "/restaurants" for 127.0.0.1 at 2014-09-20 16:53:17 -0500
Processing by RestaurantsController#index as HTML
  [1m[35mRestaurant Load (9.0ms)[0m  SELECT "restaurants".* FROM "restaurants"
  Rendered restaurants/index.html.erb within layouts/application (11.0ms)
Completed 500 Internal Server Error in 47ms

LoadError (cannot load such file -- less
  (in /Users/carlosivancastillosanchez/My Ruby Apps/WTM/foodini/app/assets/stylesheets/bootstrap_and_overrides.css.less)):
  app/views/layouts/application.html.erb:5:in `_app_views_layouts_application_html_erb___2128357095419574318_70362835015460'


  Rendered /Users/carlosivancastillosanchez/.rbenv/versions/2.1.2/lib/ruby/gems/2.1.0/gems/actionpack-4.1.4/lib/action_dispatch/middleware/templates/rescues/_source.erb (1.0ms)
  Rendered /Users/carlosivancastillosanchez/.rbenv/versions/2.1.2/lib/ruby/gems/2.1.0/gems/actionpack-4.1.4/lib/action_dispatch/middleware/templates/rescues/_trace.html.erb (1.5ms)
  Rendered /Users/carlosivancastillosanchez/.rbenv/versions/2.1.2/lib/ruby/gems/2.1.0/gems/actionpack-4.1.4/lib/action_dispatch/middleware/templates/rescues/_request_and_response.html.erb (1.0ms)
  Rendered /Users/carlosivancastillosanchez/.rbenv/versions/2.1.2/lib/ruby/gems/2.1.0/gems/actionpack-4.1.4/lib/action_dispatch/middleware/templates/rescues/diagnostics.erb within rescues/layout (22.9ms)


Started GET "/restaurants" for 127.0.0.1 at 2014-09-20 16:56:43 -0500
Processing by RestaurantsController#index as HTML
  [1m[36mRestaurant Load (30.8ms)[0m  [1mSELECT "restaurants".* FROM "restaurants"[0m
  Rendered restaurants/index.html.erb within layouts/application (33.4ms)
Completed 500 Internal Server Error in 115ms

LoadError (cannot load such file -- less
  (in /Users/carlosivancastillosanchez/My Ruby Apps/WTM/foodini/app/assets/stylesheets/bootstrap_and_overrides.css.less)):
  app/views/layouts/application.html.erb:5:in `_app_views_layouts_application_html_erb___2128357095419574318_70362835015460'


  Rendered /Users/carlosivancastillosanchez/.rbenv/versions/2.1.2/lib/ruby/gems/2.1.0/gems/actionpack-4.1.4/lib/action_dispatch/middleware/templates/rescues/_source.erb (0.8ms)
  Rendered /Users/carlosivancastillosanchez/.rbenv/versions/2.1.2/lib/ruby/gems/2.1.0/gems/actionpack-4.1.4/lib/action_dispatch/middleware/templates/rescues/_trace.html.erb (1.4ms)
  Rendered /Users/carlosivancastillosanchez/.rbenv/versions/2.1.2/lib/ruby/gems/2.1.0/gems/actionpack-4.1.4/lib/action_dispatch/middleware/templates/rescues/_request_and_response.html.erb (2.5ms)
  Rendered /Users/carlosivancastillosanchez/.rbenv/versions/2.1.2/lib/ruby/gems/2.1.0/gems/actionpack-4.1.4/lib/action_dispatch/middleware/templates/rescues/diagnostics.erb within rescues/layout (68.0ms)


Started GET "/restaurants" for 127.0.0.1 at 2014-09-20 16:58:04 -0500
Processing by RestaurantsController#index as HTML
  [1m[35mRestaurant Load (0.2ms)[0m  SELECT "restaurants".* FROM "restaurants"
  Rendered restaurants/index.html.erb within layouts/application (2.0ms)
Completed 200 OK in 117ms (Views: 116.5ms | ActiveRecord: 0.2ms)


Started GET "/assets/jquery.js?body=1" for 127.0.0.1 at 2014-09-20 16:58:05 -0500


Started GET "/assets/restaurants.css?body=1" for 127.0.0.1 at 2014-09-20 16:58:05 -0500


Started GET "/assets/jquery_ujs.js?body=1" for 127.0.0.1 at 2014-09-20 16:58:05 -0500


Started GET "/assets/application.js?body=1" for 127.0.0.1 at 2014-09-20 16:58:05 -0500


Started GET "/assets/scaffolds.css?body=1" for 127.0.0.1 at 2014-09-20 16:58:05 -0500


Started GET "/assets/turbolinks.js?body=1" for 127.0.0.1 at 2014-09-20 16:58:05 -0500


Started GET "/assets/restaurants.js?body=1" for 127.0.0.1 at 2014-09-20 16:58:05 -0500


Started GET "/assets/application.css?body=1" for 127.0.0.1 at 2014-09-20 16:58:05 -0500


Started GET "/" for 127.0.0.1 at 2014-09-20 17:37:07 -0500
Processing by Rails::WelcomeController#index as HTML
  Rendered /Users/carlosivancastillosanchez/.rbenv/versions/2.1.2/lib/ruby/gems/2.1.0/gems/railties-4.1.4/lib/rails/templates/rails/welcome/index.html.erb (0.2ms)
Completed 200 OK in 42ms (Views: 40.8ms | ActiveRecord: 0.0ms)


Started GET "/index" for 127.0.0.1 at 2014-09-20 17:37:13 -0500

ActionController::RoutingError (No route matches [GET] "/index"):
  actionpack (4.1.4) lib/action_dispatch/middleware/debug_exceptions.rb:21:in `call'
  actionpack (4.1.4) lib/action_dispatch/middleware/show_exceptions.rb:30:in `call'
  railties (4.1.4) lib/rails/rack/logger.rb:38:in `call_app'
  railties (4.1.4) lib/rails/rack/logger.rb:20:in `block in call'
  activesupport (4.1.4) lib/active_support/tagged_logging.rb:68:in `block in tagged'
  activesupport (4.1.4) lib/active_support/tagged_logging.rb:26:in `tagged'
  activesupport (4.1.4) lib/active_support/tagged_logging.rb:68:in `tagged'
  railties (4.1.4) lib/rails/rack/logger.rb:20:in `call'
  actionpack (4.1.4) lib/action_dispatch/middleware/request_id.rb:21:in `call'
  rack (1.5.2) lib/rack/methodoverride.rb:21:in `call'
  rack (1.5.2) lib/rack/runtime.rb:17:in `call'
  activesupport (4.1.4) lib/active_support/cache/strategy/local_cache_middleware.rb:26:in `call'
  rack (1.5.2) lib/rack/lock.rb:17:in `call'
  actionpack (4.1.4) lib/action_dispatch/middleware/static.rb:64:in `call'
  rack (1.5.2) lib/rack/sendfile.rb:112:in `call'
  railties (4.1.4) lib/rails/engine.rb:514:in `call'
  railties (4.1.4) lib/rails/application.rb:144:in `call'
  rack (1.5.2) lib/rack/lock.rb:17:in `call'
  rack (1.5.2) lib/rack/content_length.rb:14:in `call'
  rack (1.5.2) lib/rack/handler/webrick.rb:60:in `service'
  /Users/carlosivancastillosanchez/.rbenv/versions/2.1.2/lib/ruby/2.1.0/webrick/httpserver.rb:138:in `service'
  /Users/carlosivancastillosanchez/.rbenv/versions/2.1.2/lib/ruby/2.1.0/webrick/httpserver.rb:94:in `run'
  /Users/carlosivancastillosanchez/.rbenv/versions/2.1.2/lib/ruby/2.1.0/webrick/server.rb:295:in `block in start_thread'


  Rendered /Users/carlosivancastillosanchez/.rbenv/versions/2.1.2/lib/ruby/gems/2.1.0/gems/actionpack-4.1.4/lib/action_dispatch/middleware/templates/rescues/_trace.html.erb (2.0ms)
  Rendered /Users/carlosivancastillosanchez/.rbenv/versions/2.1.2/lib/ruby/gems/2.1.0/gems/actionpack-4.1.4/lib/action_dispatch/middleware/templates/routes/_route.html.erb (1.4ms)
  Rendered /Users/carlosivancastillosanchez/.rbenv/versions/2.1.2/lib/ruby/gems/2.1.0/gems/actionpack-4.1.4/lib/action_dispatch/middleware/templates/routes/_table.html.erb (255.4ms)
  Rendered /Users/carlosivancastillosanchez/.rbenv/versions/2.1.2/lib/ruby/gems/2.1.0/gems/actionpack-4.1.4/lib/action_dispatch/middleware/templates/rescues/routing_error.html.erb within rescues/layout (329.8ms)


Started GET "/restaurants/2" for 127.0.0.1 at 2014-09-20 17:37:39 -0500
Processing by RestaurantsController#show as HTML
  Parameters: {"id"=>"2"}
  [1m[36mRestaurant Load (40.4ms)[0m  [1mSELECT  "restaurants".* FROM "restaurants"  WHERE "restaurants"."id" = ? LIMIT 1[0m  [["id", 2]]
  Rendered restaurants/show.html.erb within layouts/application (0.5ms)
Completed 200 OK in 213ms (Views: 170.2ms | ActiveRecord: 40.4ms)


Started GET "/assets/scaffolds.css?body=1" for 127.0.0.1 at 2014-09-20 17:37:39 -0500


Started GET "/assets/restaurants.css?body=1" for 127.0.0.1 at 2014-09-20 17:37:39 -0500


Started GET "/assets/restaurants.js?body=1" for 127.0.0.1 at 2014-09-20 17:37:39 -0500


Started GET "/restaurants" for 127.0.0.1 at 2014-09-20 17:37:42 -0500
Processing by RestaurantsController#index as HTML
  [1m[35mRestaurant Load (0.2ms)[0m  SELECT "restaurants".* FROM "restaurants"
  Rendered restaurants/index.html.erb within layouts/application (2.1ms)
Completed 200 OK in 96ms (Views: 94.7ms | ActiveRecord: 0.2ms)


Started GET "/restaurants" for 127.0.0.1 at 2014-09-20 17:40:47 -0500
Processing by RestaurantsController#index as HTML
  [1m[36mRestaurant Load (0.2ms)[0m  [1mSELECT "restaurants".* FROM "restaurants"[0m
  Rendered restaurants/index.html.erb within layouts/application (2.7ms)
Completed 200 OK in 52ms (Views: 50.9ms | ActiveRecord: 0.2ms)


Started GET "/assets/restaurants.css?body=1" for 127.0.0.1 at 2014-09-20 17:40:47 -0500


Started GET "/assets/scaffolds.css?body=1" for 127.0.0.1 at 2014-09-20 17:40:47 -0500


Started GET "/assets/restaurants.js?body=1" for 127.0.0.1 at 2014-09-20 17:40:47 -0500


Started GET "/restaurants" for 127.0.0.1 at 2014-09-20 17:42:03 -0500
Processing by RestaurantsController#index as HTML
  [1m[35mRestaurant Load (0.2ms)[0m  SELECT "restaurants".* FROM "restaurants"
  Rendered restaurants/index.html.erb within layouts/application (2.8ms)
Completed 200 OK in 58ms (Views: 56.7ms | ActiveRecord: 0.2ms)


Started GET "/assets/restaurants.css?body=1" for 127.0.0.1 at 2014-09-20 17:42:03 -0500


Started GET "/assets/scaffolds.css?body=1" for 127.0.0.1 at 2014-09-20 17:42:03 -0500


Started GET "/assets/restaurants.js?body=1" for 127.0.0.1 at 2014-09-20 17:42:03 -0500


Started GET "/" for 127.0.0.1 at 2014-09-20 17:42:49 -0500
Processing by Rails::WelcomeController#index as HTML
  Rendered /Users/carlosivancastillosanchez/.rbenv/versions/2.1.2/lib/ruby/gems/2.1.0/gems/railties-4.1.4/lib/rails/templates/rails/welcome/index.html.erb (0.1ms)
Completed 200 OK in 2ms (Views: 1.3ms | ActiveRecord: 0.0ms)


Started GET "/index" for 127.0.0.1 at 2014-09-20 18:01:06 -0500

ActionController::RoutingError (No route matches [GET] "/index"):
  actionpack (4.1.4) lib/action_dispatch/middleware/debug_exceptions.rb:21:in `call'
  actionpack (4.1.4) lib/action_dispatch/middleware/show_exceptions.rb:30:in `call'
  railties (4.1.4) lib/rails/rack/logger.rb:38:in `call_app'
  railties (4.1.4) lib/rails/rack/logger.rb:20:in `block in call'
  activesupport (4.1.4) lib/active_support/tagged_logging.rb:68:in `block in tagged'
  activesupport (4.1.4) lib/active_support/tagged_logging.rb:26:in `tagged'
  activesupport (4.1.4) lib/active_support/tagged_logging.rb:68:in `tagged'
  railties (4.1.4) lib/rails/rack/logger.rb:20:in `call'
  actionpack (4.1.4) lib/action_dispatch/middleware/request_id.rb:21:in `call'
  rack (1.5.2) lib/rack/methodoverride.rb:21:in `call'
  rack (1.5.2) lib/rack/runtime.rb:17:in `call'
  activesupport (4.1.4) lib/active_support/cache/strategy/local_cache_middleware.rb:26:in `call'
  rack (1.5.2) lib/rack/lock.rb:17:in `call'
  actionpack (4.1.4) lib/action_dispatch/middleware/static.rb:64:in `call'
  rack (1.5.2) lib/rack/sendfile.rb:112:in `call'
  railties (4.1.4) lib/rails/engine.rb:514:in `call'
  railties (4.1.4) lib/rails/application.rb:144:in `call'
  rack (1.5.2) lib/rack/lock.rb:17:in `call'
  rack (1.5.2) lib/rack/content_length.rb:14:in `call'
  rack (1.5.2) lib/rack/handler/webrick.rb:60:in `service'
  /Users/carlosivancastillosanchez/.rbenv/versions/2.1.2/lib/ruby/2.1.0/webrick/httpserver.rb:138:in `service'
  /Users/carlosivancastillosanchez/.rbenv/versions/2.1.2/lib/ruby/2.1.0/webrick/httpserver.rb:94:in `run'
  /Users/carlosivancastillosanchez/.rbenv/versions/2.1.2/lib/ruby/2.1.0/webrick/server.rb:295:in `block in start_thread'


  Rendered /Users/carlosivancastillosanchez/.rbenv/versions/2.1.2/lib/ruby/gems/2.1.0/gems/actionpack-4.1.4/lib/action_dispatch/middleware/templates/rescues/_trace.html.erb (1.4ms)
  Rendered /Users/carlosivancastillosanchez/.rbenv/versions/2.1.2/lib/ruby/gems/2.1.0/gems/actionpack-4.1.4/lib/action_dispatch/middleware/templates/routes/_route.html.erb (1.4ms)
  Rendered /Users/carlosivancastillosanchez/.rbenv/versions/2.1.2/lib/ruby/gems/2.1.0/gems/actionpack-4.1.4/lib/action_dispatch/middleware/templates/routes/_table.html.erb (1.1ms)
  Rendered /Users/carlosivancastillosanchez/.rbenv/versions/2.1.2/lib/ruby/gems/2.1.0/gems/actionpack-4.1.4/lib/action_dispatch/middleware/templates/rescues/routing_error.html.erb within rescues/layout (33.9ms)


Started GET "/home" for 127.0.0.1 at 2014-09-20 18:01:12 -0500

ActionController::RoutingError (No route matches [GET] "/home"):
  actionpack (4.1.4) lib/action_dispatch/middleware/debug_exceptions.rb:21:in `call'
  actionpack (4.1.4) lib/action_dispatch/middleware/show_exceptions.rb:30:in `call'
  railties (4.1.4) lib/rails/rack/logger.rb:38:in `call_app'
  railties (4.1.4) lib/rails/rack/logger.rb:20:in `block in call'
  activesupport (4.1.4) lib/active_support/tagged_logging.rb:68:in `block in tagged'
  activesupport (4.1.4) lib/active_support/tagged_logging.rb:26:in `tagged'
  activesupport (4.1.4) lib/active_support/tagged_logging.rb:68:in `tagged'
  railties (4.1.4) lib/rails/rack/logger.rb:20:in `call'
  actionpack (4.1.4) lib/action_dispatch/middleware/request_id.rb:21:in `call'
  rack (1.5.2) lib/rack/methodoverride.rb:21:in `call'
  rack (1.5.2) lib/rack/runtime.rb:17:in `call'
  activesupport (4.1.4) lib/active_support/cache/strategy/local_cache_middleware.rb:26:in `call'
  rack (1.5.2) lib/rack/lock.rb:17:in `call'
  actionpack (4.1.4) lib/action_dispatch/middleware/static.rb:64:in `call'
  rack (1.5.2) lib/rack/sendfile.rb:112:in `call'
  railties (4.1.4) lib/rails/engine.rb:514:in `call'
  railties (4.1.4) lib/rails/application.rb:144:in `call'
  rack (1.5.2) lib/rack/lock.rb:17:in `call'
  rack (1.5.2) lib/rack/content_length.rb:14:in `call'
  rack (1.5.2) lib/rack/handler/webrick.rb:60:in `service'
  /Users/carlosivancastillosanchez/.rbenv/versions/2.1.2/lib/ruby/2.1.0/webrick/httpserver.rb:138:in `service'
  /Users/carlosivancastillosanchez/.rbenv/versions/2.1.2/lib/ruby/2.1.0/webrick/httpserver.rb:94:in `run'
  /Users/carlosivancastillosanchez/.rbenv/versions/2.1.2/lib/ruby/2.1.0/webrick/server.rb:295:in `block in start_thread'


  Rendered /Users/carlosivancastillosanchez/.rbenv/versions/2.1.2/lib/ruby/gems/2.1.0/gems/actionpack-4.1.4/lib/action_dispatch/middleware/templates/rescues/_trace.html.erb (1.2ms)
  Rendered /Users/carlosivancastillosanchez/.rbenv/versions/2.1.2/lib/ruby/gems/2.1.0/gems/actionpack-4.1.4/lib/action_dispatch/middleware/templates/routes/_route.html.erb (2.6ms)
  Rendered /Users/carlosivancastillosanchez/.rbenv/versions/2.1.2/lib/ruby/gems/2.1.0/gems/actionpack-4.1.4/lib/action_dispatch/middleware/templates/routes/_table.html.erb (1.2ms)
  Rendered /Users/carlosivancastillosanchez/.rbenv/versions/2.1.2/lib/ruby/gems/2.1.0/gems/actionpack-4.1.4/lib/action_dispatch/middleware/templates/rescues/routing_error.html.erb within rescues/layout (25.5ms)


Started GET "/home/index" for 127.0.0.1 at 2014-09-20 18:01:21 -0500
Processing by HomeController#index as HTML
  Rendered home/index.html.erb within layouts/application (0.5ms)
Completed 200 OK in 979ms (Views: 977.6ms | ActiveRecord: 0.0ms)


Started GET "/assets/home.css?body=1" for 127.0.0.1 at 2014-09-20 18:01:22 -0500


Started GET "/assets/restaurants.css?body=1" for 127.0.0.1 at 2014-09-20 18:01:22 -0500


Started GET "/assets/scaffolds.css?body=1" for 127.0.0.1 at 2014-09-20 18:01:22 -0500


Started GET "/assets/application.css?body=1" for 127.0.0.1 at 2014-09-20 18:01:22 -0500


Started GET "/assets/jquery_ujs.js?body=1" for 127.0.0.1 at 2014-09-20 18:01:22 -0500


Started GET "/assets/home.js?body=1" for 127.0.0.1 at 2014-09-20 18:01:22 -0500


Started GET "/assets/jquery.js?body=1" for 127.0.0.1 at 2014-09-20 18:01:22 -0500


Started GET "/assets/turbolinks.js?body=1" for 127.0.0.1 at 2014-09-20 18:01:22 -0500


Started GET "/assets/restaurants.js?body=1" for 127.0.0.1 at 2014-09-20 18:01:22 -0500


Started GET "/assets/application.js?body=1" for 127.0.0.1 at 2014-09-20 18:01:22 -0500


Started GET "/home/index" for 127.0.0.1 at 2014-09-20 18:02:52 -0500

SyntaxError (/Users/carlosivancastillosanchez/My Ruby Apps/WTM/foodini/app/controllers/home_controller.rb:3: syntax error, unexpected tIDENTIFIER, expecting keyword_end):
  app/controllers/home_controller.rb:3: syntax error, unexpected tIDENTIFIER, expecting keyword_end


  Rendered /Users/carlosivancastillosanchez/.rbenv/versions/2.1.2/lib/ruby/gems/2.1.0/gems/actionpack-4.1.4/lib/action_dispatch/middleware/templates/rescues/_source.erb (1.8ms)
  Rendered /Users/carlosivancastillosanchez/.rbenv/versions/2.1.2/lib/ruby/gems/2.1.0/gems/actionpack-4.1.4/lib/action_dispatch/middleware/templates/rescues/_trace.html.erb (2.0ms)
  Rendered /Users/carlosivancastillosanchez/.rbenv/versions/2.1.2/lib/ruby/gems/2.1.0/gems/actionpack-4.1.4/lib/action_dispatch/middleware/templates/rescues/_request_and_response.html.erb (1.6ms)
  Rendered /Users/carlosivancastillosanchez/.rbenv/versions/2.1.2/lib/ruby/gems/2.1.0/gems/actionpack-4.1.4/lib/action_dispatch/middleware/templates/rescues/diagnostics.erb within rescues/layout (43.0ms)


Started GET "/home/index" for 127.0.0.1 at 2014-09-20 18:02:59 -0500
Processing by HomeController#index as HTML
  Rendered home/index.html.erb within layouts/application (0.1ms)
Completed 200 OK in 72ms (Views: 71.5ms | ActiveRecord: 0.0ms)


Started GET "/assets/home.css?body=1" for 127.0.0.1 at 2014-09-20 18:02:59 -0500


Started GET "/assets/restaurants.css?body=1" for 127.0.0.1 at 2014-09-20 18:02:59 -0500


Started GET "/assets/jquery.js?body=1" for 127.0.0.1 at 2014-09-20 18:02:59 -0500


Started GET "/assets/application.css?body=1" for 127.0.0.1 at 2014-09-20 18:02:59 -0500


Started GET "/assets/turbolinks.js?body=1" for 127.0.0.1 at 2014-09-20 18:02:59 -0500


Started GET "/assets/scaffolds.css?body=1" for 127.0.0.1 at 2014-09-20 18:02:59 -0500


Started GET "/assets/jquery_ujs.js?body=1" for 127.0.0.1 at 2014-09-20 18:02:59 -0500


Started GET "/assets/home.js?body=1" for 127.0.0.1 at 2014-09-20 18:02:59 -0500


Started GET "/assets/restaurants.js?body=1" for 127.0.0.1 at 2014-09-20 18:02:59 -0500


Started GET "/assets/application.js?body=1" for 127.0.0.1 at 2014-09-20 18:02:59 -0500


Started GET "/home/" for 127.0.0.1 at 2014-09-20 18:03:05 -0500

ActionController::RoutingError (No route matches [GET] "/home"):
  actionpack (4.1.4) lib/action_dispatch/middleware/debug_exceptions.rb:21:in `call'
  actionpack (4.1.4) lib/action_dispatch/middleware/show_exceptions.rb:30:in `call'
  railties (4.1.4) lib/rails/rack/logger.rb:38:in `call_app'
  railties (4.1.4) lib/rails/rack/logger.rb:20:in `block in call'
  activesupport (4.1.4) lib/active_support/tagged_logging.rb:68:in `block in tagged'
  activesupport (4.1.4) lib/active_support/tagged_logging.rb:26:in `tagged'
  activesupport (4.1.4) lib/active_support/tagged_logging.rb:68:in `tagged'
  railties (4.1.4) lib/rails/rack/logger.rb:20:in `call'
  actionpack (4.1.4) lib/action_dispatch/middleware/request_id.rb:21:in `call'
  rack (1.5.2) lib/rack/methodoverride.rb:21:in `call'
  rack (1.5.2) lib/rack/runtime.rb:17:in `call'
  activesupport (4.1.4) lib/active_support/cache/strategy/local_cache_middleware.rb:26:in `call'
  rack (1.5.2) lib/rack/lock.rb:17:in `call'
  actionpack (4.1.4) lib/action_dispatch/middleware/static.rb:64:in `call'
  rack (1.5.2) lib/rack/sendfile.rb:112:in `call'
  railties (4.1.4) lib/rails/engine.rb:514:in `call'
  railties (4.1.4) lib/rails/application.rb:144:in `call'
  rack (1.5.2) lib/rack/lock.rb:17:in `call'
  rack (1.5.2) lib/rack/content_length.rb:14:in `call'
  rack (1.5.2) lib/rack/handler/webrick.rb:60:in `service'
  /Users/carlosivancastillosanchez/.rbenv/versions/2.1.2/lib/ruby/2.1.0/webrick/httpserver.rb:138:in `service'
  /Users/carlosivancastillosanchez/.rbenv/versions/2.1.2/lib/ruby/2.1.0/webrick/httpserver.rb:94:in `run'
  /Users/carlosivancastillosanchez/.rbenv/versions/2.1.2/lib/ruby/2.1.0/webrick/server.rb:295:in `block in start_thread'


  Rendered /Users/carlosivancastillosanchez/.rbenv/versions/2.1.2/lib/ruby/gems/2.1.0/gems/actionpack-4.1.4/lib/action_dispatch/middleware/templates/rescues/_trace.html.erb (1.0ms)
  Rendered /Users/carlosivancastillosanchez/.rbenv/versions/2.1.2/lib/ruby/gems/2.1.0/gems/actionpack-4.1.4/lib/action_dispatch/middleware/templates/routes/_route.html.erb (1.4ms)
  Rendered /Users/carlosivancastillosanchez/.rbenv/versions/2.1.2/lib/ruby/gems/2.1.0/gems/actionpack-4.1.4/lib/action_dispatch/middleware/templates/routes/_table.html.erb (1.3ms)
  Rendered /Users/carlosivancastillosanchez/.rbenv/versions/2.1.2/lib/ruby/gems/2.1.0/gems/actionpack-4.1.4/lib/action_dispatch/middleware/templates/rescues/routing_error.html.erb within rescues/layout (20.4ms)


Started GET "/home/index" for 127.0.0.1 at 2014-09-20 18:03:08 -0500
Processing by HomeController#index as HTML
  Rendered home/index.html.erb within layouts/application (0.1ms)
Completed 200 OK in 64ms (Views: 63.7ms | ActiveRecord: 0.0ms)


Started GET "/assets/restaurants.css?body=1" for 127.0.0.1 at 2014-09-20 18:03:08 -0500


Started GET "/assets/home.css?body=1" for 127.0.0.1 at 2014-09-20 18:03:08 -0500


Started GET "/assets/jquery_ujs.js?body=1" for 127.0.0.1 at 2014-09-20 18:03:08 -0500


Started GET "/assets/application.css?body=1" for 127.0.0.1 at 2014-09-20 18:03:08 -0500


Started GET "/assets/scaffolds.css?body=1" for 127.0.0.1 at 2014-09-20 18:03:08 -0500


Started GET "/assets/jquery.js?body=1" for 127.0.0.1 at 2014-09-20 18:03:08 -0500


Started GET "/assets/turbolinks.js?body=1" for 127.0.0.1 at 2014-09-20 18:03:08 -0500


Started GET "/assets/home.js?body=1" for 127.0.0.1 at 2014-09-20 18:03:08 -0500


Started GET "/assets/restaurants.js?body=1" for 127.0.0.1 at 2014-09-20 18:03:08 -0500


Started GET "/assets/application.js?body=1" for 127.0.0.1 at 2014-09-20 18:03:08 -0500


Started GET "/home/index" for 127.0.0.1 at 2014-09-20 18:11:12 -0500
Processing by HomeController#index as HTML
  Rendered home/index.html.erb within layouts/application (0.0ms)
Completed 200 OK in 64ms (Views: 63.7ms | ActiveRecord: 0.0ms)


Started GET "/assets/home.css?body=1" for 127.0.0.1 at 2014-09-20 18:11:12 -0500


Started GET "/assets/application.css?body=1" for 127.0.0.1 at 2014-09-20 18:11:12 -0500


Started GET "/assets/jquery.js?body=1" for 127.0.0.1 at 2014-09-20 18:11:12 -0500


Started GET "/assets/restaurants.css?body=1" for 127.0.0.1 at 2014-09-20 18:11:12 -0500


Started GET "/assets/jquery_ujs.js?body=1" for 127.0.0.1 at 2014-09-20 18:11:12 -0500


Started GET "/assets/scaffolds.css?body=1" for 127.0.0.1 at 2014-09-20 18:11:12 -0500


Started GET "/assets/turbolinks.js?body=1" for 127.0.0.1 at 2014-09-20 18:11:12 -0500


Started GET "/assets/home.js?body=1" for 127.0.0.1 at 2014-09-20 18:11:12 -0500


Started GET "/assets/restaurants.js?body=1" for 127.0.0.1 at 2014-09-20 18:11:12 -0500


Started GET "/assets/application.js?body=1" for 127.0.0.1 at 2014-09-20 18:11:12 -0500


Started GET "/" for 127.0.0.1 at 2014-09-20 18:11:15 -0500

ActionController::RoutingError (uninitialized constant WelcomeController):
  activesupport (4.1.4) lib/active_support/inflector/methods.rb:238:in `const_get'
  activesupport (4.1.4) lib/active_support/inflector/methods.rb:238:in `block in constantize'
  activesupport (4.1.4) lib/active_support/inflector/methods.rb:236:in `each'
  activesupport (4.1.4) lib/active_support/inflector/methods.rb:236:in `inject'
  activesupport (4.1.4) lib/active_support/inflector/methods.rb:236:in `constantize'
  actionpack (4.1.4) lib/action_dispatch/routing/route_set.rb:78:in `controller_reference'
  actionpack (4.1.4) lib/action_dispatch/routing/route_set.rb:68:in `controller'
  actionpack (4.1.4) lib/action_dispatch/routing/route_set.rb:46:in `call'
  actionpack (4.1.4) lib/action_dispatch/journey/router.rb:71:in `block in call'
  actionpack (4.1.4) lib/action_dispatch/journey/router.rb:59:in `each'
  actionpack (4.1.4) lib/action_dispatch/journey/router.rb:59:in `call'
  actionpack (4.1.4) lib/action_dispatch/routing/route_set.rb:678:in `call'
  rack (1.5.2) lib/rack/etag.rb:23:in `call'
  rack (1.5.2) lib/rack/conditionalget.rb:25:in `call'
  rack (1.5.2) lib/rack/head.rb:11:in `call'
  actionpack (4.1.4) lib/action_dispatch/middleware/params_parser.rb:27:in `call'
  actionpack (4.1.4) lib/action_dispatch/middleware/flash.rb:254:in `call'
  rack (1.5.2) lib/rack/session/abstract/id.rb:225:in `context'
  rack (1.5.2) lib/rack/session/abstract/id.rb:220:in `call'
  actionpack (4.1.4) lib/action_dispatch/middleware/cookies.rb:560:in `call'
  activerecord (4.1.4) lib/active_record/query_cache.rb:36:in `call'
  activerecord (4.1.4) lib/active_record/connection_adapters/abstract/connection_pool.rb:621:in `call'
  activerecord (4.1.4) lib/active_record/migration.rb:380:in `call'
  actionpack (4.1.4) lib/action_dispatch/middleware/callbacks.rb:29:in `block in call'
  activesupport (4.1.4) lib/active_support/callbacks.rb:82:in `run_callbacks'
  actionpack (4.1.4) lib/action_dispatch/middleware/callbacks.rb:27:in `call'
  actionpack (4.1.4) lib/action_dispatch/middleware/reloader.rb:73:in `call'
  actionpack (4.1.4) lib/action_dispatch/middleware/remote_ip.rb:76:in `call'
  actionpack (4.1.4) lib/action_dispatch/middleware/debug_exceptions.rb:17:in `call'
  actionpack (4.1.4) lib/action_dispatch/middleware/show_exceptions.rb:30:in `call'
  railties (4.1.4) lib/rails/rack/logger.rb:38:in `call_app'
  railties (4.1.4) lib/rails/rack/logger.rb:20:in `block in call'
  activesupport (4.1.4) lib/active_support/tagged_logging.rb:68:in `block in tagged'
  activesupport (4.1.4) lib/active_support/tagged_logging.rb:26:in `tagged'
  activesupport (4.1.4) lib/active_support/tagged_logging.rb:68:in `tagged'
  railties (4.1.4) lib/rails/rack/logger.rb:20:in `call'
  actionpack (4.1.4) lib/action_dispatch/middleware/request_id.rb:21:in `call'
  rack (1.5.2) lib/rack/methodoverride.rb:21:in `call'
  rack (1.5.2) lib/rack/runtime.rb:17:in `call'
  activesupport (4.1.4) lib/active_support/cache/strategy/local_cache_middleware.rb:26:in `call'
  rack (1.5.2) lib/rack/lock.rb:17:in `call'
  actionpack (4.1.4) lib/action_dispatch/middleware/static.rb:64:in `call'
  rack (1.5.2) lib/rack/sendfile.rb:112:in `call'
  railties (4.1.4) lib/rails/engine.rb:514:in `call'
  railties (4.1.4) lib/rails/application.rb:144:in `call'
  rack (1.5.2) lib/rack/lock.rb:17:in `call'
  rack (1.5.2) lib/rack/content_length.rb:14:in `call'
  rack (1.5.2) lib/rack/handler/webrick.rb:60:in `service'
  /Users/carlosivancastillosanchez/.rbenv/versions/2.1.2/lib/ruby/2.1.0/webrick/httpserver.rb:138:in `service'
  /Users/carlosivancastillosanchez/.rbenv/versions/2.1.2/lib/ruby/2.1.0/webrick/httpserver.rb:94:in `run'
  /Users/carlosivancastillosanchez/.rbenv/versions/2.1.2/lib/ruby/2.1.0/webrick/server.rb:295:in `block in start_thread'


  Rendered /Users/carlosivancastillosanchez/.rbenv/versions/2.1.2/lib/ruby/gems/2.1.0/gems/actionpack-4.1.4/lib/action_dispatch/middleware/templates/rescues/_trace.html.erb (1.1ms)
  Rendered /Users/carlosivancastillosanchez/.rbenv/versions/2.1.2/lib/ruby/gems/2.1.0/gems/actionpack-4.1.4/lib/action_dispatch/middleware/templates/routes/_route.html.erb (3.1ms)
  Rendered /Users/carlosivancastillosanchez/.rbenv/versions/2.1.2/lib/ruby/gems/2.1.0/gems/actionpack-4.1.4/lib/action_dispatch/middleware/templates/routes/_table.html.erb (1.7ms)
  Rendered /Users/carlosivancastillosanchez/.rbenv/versions/2.1.2/lib/ruby/gems/2.1.0/gems/actionpack-4.1.4/lib/action_dispatch/middleware/templates/rescues/routing_error.html.erb within rescues/layout (30.0ms)


Started GET "/" for 127.0.0.1 at 2014-09-20 18:11:15 -0500

ActionController::RoutingError (uninitialized constant WelcomeController):
  activesupport (4.1.4) lib/active_support/inflector/methods.rb:238:in `const_get'
  activesupport (4.1.4) lib/active_support/inflector/methods.rb:238:in `block in constantize'
  activesupport (4.1.4) lib/active_support/inflector/methods.rb:236:in `each'
  activesupport (4.1.4) lib/active_support/inflector/methods.rb:236:in `inject'
  activesupport (4.1.4) lib/active_support/inflector/methods.rb:236:in `constantize'
  actionpack (4.1.4) lib/action_dispatch/routing/route_set.rb:78:in `controller_reference'
  actionpack (4.1.4) lib/action_dispatch/routing/route_set.rb:68:in `controller'
  actionpack (4.1.4) lib/action_dispatch/routing/route_set.rb:46:in `call'
  actionpack (4.1.4) lib/action_dispatch/journey/router.rb:71:in `block in call'
  actionpack (4.1.4) lib/action_dispatch/journey/router.rb:59:in `each'
  actionpack (4.1.4) lib/action_dispatch/journey/router.rb:59:in `call'
  actionpack (4.1.4) lib/action_dispatch/routing/route_set.rb:678:in `call'
  rack (1.5.2) lib/rack/etag.rb:23:in `call'
  rack (1.5.2) lib/rack/conditionalget.rb:25:in `call'
  rack (1.5.2) lib/rack/head.rb:11:in `call'
  actionpack (4.1.4) lib/action_dispatch/middleware/params_parser.rb:27:in `call'
  actionpack (4.1.4) lib/action_dispatch/middleware/flash.rb:254:in `call'
  rack (1.5.2) lib/rack/session/abstract/id.rb:225:in `context'
  rack (1.5.2) lib/rack/session/abstract/id.rb:220:in `call'
  actionpack (4.1.4) lib/action_dispatch/middleware/cookies.rb:560:in `call'
  activerecord (4.1.4) lib/active_record/query_cache.rb:36:in `call'
  activerecord (4.1.4) lib/active_record/connection_adapters/abstract/connection_pool.rb:621:in `call'
  activerecord (4.1.4) lib/active_record/migration.rb:380:in `call'
  actionpack (4.1.4) lib/action_dispatch/middleware/callbacks.rb:29:in `block in call'
  activesupport (4.1.4) lib/active_support/callbacks.rb:82:in `run_callbacks'
  actionpack (4.1.4) lib/action_dispatch/middleware/callbacks.rb:27:in `call'
  actionpack (4.1.4) lib/action_dispatch/middleware/reloader.rb:73:in `call'
  actionpack (4.1.4) lib/action_dispatch/middleware/remote_ip.rb:76:in `call'
  actionpack (4.1.4) lib/action_dispatch/middleware/debug_exceptions.rb:17:in `call'
  actionpack (4.1.4) lib/action_dispatch/middleware/show_exceptions.rb:30:in `call'
  railties (4.1.4) lib/rails/rack/logger.rb:38:in `call_app'
  railties (4.1.4) lib/rails/rack/logger.rb:20:in `block in call'
  activesupport (4.1.4) lib/active_support/tagged_logging.rb:68:in `block in tagged'
  activesupport (4.1.4) lib/active_support/tagged_logging.rb:26:in `tagged'
  activesupport (4.1.4) lib/active_support/tagged_logging.rb:68:in `tagged'
  railties (4.1.4) lib/rails/rack/logger.rb:20:in `call'
  actionpack (4.1.4) lib/action_dispatch/middleware/request_id.rb:21:in `call'
  rack (1.5.2) lib/rack/methodoverride.rb:21:in `call'
  rack (1.5.2) lib/rack/runtime.rb:17:in `call'
  activesupport (4.1.4) lib/active_support/cache/strategy/local_cache_middleware.rb:26:in `call'
  rack (1.5.2) lib/rack/lock.rb:17:in `call'
  actionpack (4.1.4) lib/action_dispatch/middleware/static.rb:64:in `call'
  rack (1.5.2) lib/rack/sendfile.rb:112:in `call'
  railties (4.1.4) lib/rails/engine.rb:514:in `call'
  railties (4.1.4) lib/rails/application.rb:144:in `call'
  rack (1.5.2) lib/rack/lock.rb:17:in `call'
  rack (1.5.2) lib/rack/content_length.rb:14:in `call'
  rack (1.5.2) lib/rack/handler/webrick.rb:60:in `service'
  /Users/carlosivancastillosanchez/.rbenv/versions/2.1.2/lib/ruby/2.1.0/webrick/httpserver.rb:138:in `service'
  /Users/carlosivancastillosanchez/.rbenv/versions/2.1.2/lib/ruby/2.1.0/webrick/httpserver.rb:94:in `run'
  /Users/carlosivancastillosanchez/.rbenv/versions/2.1.2/lib/ruby/2.1.0/webrick/server.rb:295:in `block in start_thread'


  Rendered /Users/carlosivancastillosanchez/.rbenv/versions/2.1.2/lib/ruby/gems/2.1.0/gems/actionpack-4.1.4/lib/action_dispatch/middleware/templates/rescues/_trace.html.erb (1.2ms)
  Rendered /Users/carlosivancastillosanchez/.rbenv/versions/2.1.2/lib/ruby/gems/2.1.0/gems/actionpack-4.1.4/lib/action_dispatch/middleware/templates/routes/_route.html.erb (1.4ms)
  Rendered /Users/carlosivancastillosanchez/.rbenv/versions/2.1.2/lib/ruby/gems/2.1.0/gems/actionpack-4.1.4/lib/action_dispatch/middleware/templates/routes/_table.html.erb (1.0ms)
  Rendered /Users/carlosivancastillosanchez/.rbenv/versions/2.1.2/lib/ruby/gems/2.1.0/gems/actionpack-4.1.4/lib/action_dispatch/middleware/templates/rescues/routing_error.html.erb within rescues/layout (23.6ms)


Started GET "/" for 127.0.0.1 at 2014-09-20 18:11:32 -0500
Processing by HomeController#index as HTML
  Rendered home/index.html.erb within layouts/application (0.0ms)
Completed 200 OK in 60ms (Views: 59.1ms | ActiveRecord: 0.0ms)


Started GET "/assets/home.css?body=1" for 127.0.0.1 at 2014-09-20 18:11:32 -0500


Started GET "/assets/scaffolds.css?body=1" for 127.0.0.1 at 2014-09-20 18:11:32 -0500


Started GET "/assets/jquery.js?body=1" for 127.0.0.1 at 2014-09-20 18:11:32 -0500


Started GET "/assets/restaurants.css?body=1" for 127.0.0.1 at 2014-09-20 18:11:32 -0500


Started GET "/assets/turbolinks.js?body=1" for 127.0.0.1 at 2014-09-20 18:11:32 -0500


Started GET "/assets/application.css?body=1" for 127.0.0.1 at 2014-09-20 18:11:32 -0500


Started GET "/assets/jquery_ujs.js?body=1" for 127.0.0.1 at 2014-09-20 18:11:32 -0500


Started GET "/assets/home.js?body=1" for 127.0.0.1 at 2014-09-20 18:11:32 -0500


Started GET "/assets/restaurants.js?body=1" for 127.0.0.1 at 2014-09-20 18:11:32 -0500


Started GET "/assets/application.js?body=1" for 127.0.0.1 at 2014-09-20 18:11:32 -0500
